<?xml version="1.0" encoding="UTF-8"?>
<!-- Generated by org.testng.reporters.JUnitReportReporter -->
<testsuite hostname="LAPTOP-6MQH4A1L" failures="0" tests="5" name="testscripts.ElectronicsTest" time="18.783" errors="0" timestamp="2024-04-25T15:51:02 IST" skipped="1">
  <testcase classname="testscripts.ElectronicsTest" name="payment" time="1.891"/>
  <testcase classname="testscripts.ElectronicsTest" name="confirmorder" time="1.763"/>
  <testcase classname="testscripts.ElectronicsTest" name="addtocart" time="2.269"/>
  <testcase classname="testscripts.ElectronicsTest" name="login" time="12.860"/>
  <testcase classname="testscripts.ElectronicsTest" name="register">
    <skipped/>
  </testcase> <!-- register -->
</testsuite> <!-- testscripts.ElectronicsTest -->
